C51 COMPILER V9.54   MAIN                                                                  10/23/2020 11:59:17 PAGE 1   


C51 COMPILER V9.54, COMPILATION OF MODULE MAIN
OBJECT MODULE PLACED IN .\Objects\main.obj
COMPILER INVOKED BY: E:\Keil_v5\C51\BIN\C51.EXE main.c OPTIMIZE(8,SPEED) BROWSE DEBUG OBJECTEXTEND PRINT(.\Listings\main
                    -.lst) TABS(2) OBJECT(.\Objects\main.obj)

line level    source

   1          #include <reg51.h>
   2          #include "main.h"
   3          #include "delay.h"
   4          
   5          sbit k1 = P1^7;
   6          
   7          //7段共阳数码管显示码
   8          //不显示小数点
   9          unsigned char DIS_CODE_1[ ]={
  10          0xC0, //"0"
  11          0xF9, //"1"
  12          0xA4, //"2"
  13          0xB0, //"3"
  14          0x99, //"4"
  15          0x92, //"5"
  16          0x82, //"6"
  17          0xF8, //"7"
  18          0x80, //"8"
  19          0x90, //"9"
  20          0x88, //"A"
  21          0x83, //"B"
  22          0xC6, //"C"
  23          0xA1, //"D"
  24          0x86, //"E"
  25          0x8E, //"F"
  26          0x89, //"H"
  27          0xC7, //"L"
  28          0xC8, //"n"
  29          0xC1, //"u"
  30          0x8C, //"P"
  31          0xA3, //"o"
  32          0xBF, //"-"
  33          0xFF, //
  34          0xFF //
  35          };
  36          
  37          
  38          
  39          //7段共阴数码管显示码
  40          //不显示小数点
  41          unsigned char DIS_CODE_0[ ]={
  42          0x3F, //"0"
  43          0x06, //"1"
  44          0x5B, //"2"
  45          0x4F, //"3"
  46          0x66, //"4"
  47          0x6D, //"5"
  48          0x7D, //"6"
  49          0x07, //"7"
  50          0x7F, //"8"
  51          0x6F, //"9"
  52          0x77, //"A"
  53          0x7C, //"B"
  54          0x39, //"C"
C51 COMPILER V9.54   MAIN                                                                  10/23/2020 11:59:17 PAGE 2   

  55          0x5E, //"D"
  56          0x79, //"E"
  57          0x71, //"F"
  58          0x76, //"H"
  59          0x38, //"L"
  60          0x37, //"n"
  61          0x3E, //"u"
  62          0x73, //"P"
  63          0x5C, //"o"
  64          0x40, //"-"
  65          0x00, // 
  66          0x00 //
  67          };
  68          
  69          
  70          
  71          void main()
  72          {
  73   1        
  74   1        uchar i = 0;
  75   1        int num = 0;
  76   1        
  77   1        
  78   1        while(1)
  79   1        {
  80   2          if(num==0)
  81   2          P3 = DIS_CODE_1[num];
  82   2          
  83   2          k1 = 1;
  84   2          
  85   2          while(k1 != 0);
  86   2          while(k1 == 0);
  87   2          while(k1 != 0);
  88   2          
  89   2          num++;
  90   2          P3 = DIS_CODE_1[num];
  91   2          
  92   2          if(num==16)
  93   2          num = 0;
  94   2      
  95   2          
  96   2        }
  97   1        
  98   1      }
  99          
 100          
 101          
 102          
 103          
 104          
 105          
 106          


MODULE INFORMATION:   STATIC OVERLAYABLE
   CODE SIZE        =     49    ----
   CONSTANT SIZE    =   ----    ----
   XDATA SIZE       =   ----    ----
   PDATA SIZE       =   ----    ----
   DATA SIZE        =     50       1
   IDATA SIZE       =   ----    ----
   BIT SIZE         =   ----    ----
C51 COMPILER V9.54   MAIN                                                                  10/23/2020 11:59:17 PAGE 3   

END OF MODULE INFORMATION.


C51 COMPILATION COMPLETE.  0 WARNING(S),  0 ERROR(S)
