C51 COMPILER V9.54   MAIN                                                                  10/23/2020 12:19:09 PAGE 1   


C51 COMPILER V9.54, COMPILATION OF MODULE MAIN
OBJECT MODULE PLACED IN .\Objects\main.obj
COMPILER INVOKED BY: E:\Keil_v5\C51\BIN\C51.EXE main.c OPTIMIZE(8,SPEED) BROWSE DEBUG OBJECTEXTEND PRINT(.\Listings\main
                    -.lst) TABS(2) OBJECT(.\Objects\main.obj)

line level    source

   1          #include <reg51.h>
   2          #include "main.h"
   3          #include "delay.h"
   4          
   5          uchar code DIS_CODE[ ]={0xc0,0xF9,0xA4,0xB0,0x99,0x92,0x82,0xF8,0x80,0x90};
   6          
   7          void main()
   8          {
   9   1        uchar i=0;
  10   1        while(1)
  11   1        {
  12   2          for(i=0;i<8;i++)
  13   2          {
  14   3            P2=(1<<i);
  15   3            P0=DIS_CODE[i];
  16   3      //      delay_ms(10);
  17   3          
  18   3          }
  19   2        }
  20   1      
  21   1      }
  22          
  23          
  24          
  25          
  26          
  27          
  28          
  29          


MODULE INFORMATION:   STATIC OVERLAYABLE
   CODE SIZE        =     28    ----
   CONSTANT SIZE    =     10    ----
   XDATA SIZE       =   ----    ----
   PDATA SIZE       =   ----    ----
   DATA SIZE        =   ----    ----
   IDATA SIZE       =   ----    ----
   BIT SIZE         =   ----    ----
END OF MODULE INFORMATION.


C51 COMPILATION COMPLETE.  0 WARNING(S),  0 ERROR(S)
