C51 COMPILER V9.54   MAIN                                                                  10/23/2020 09:26:36 PAGE 1   


C51 COMPILER V9.54, COMPILATION OF MODULE MAIN
OBJECT MODULE PLACED IN .\Objects\main.obj
COMPILER INVOKED BY: E:\Keil_v5\C51\BIN\C51.EXE main.c OPTIMIZE(8,SPEED) BROWSE DEBUG OBJECTEXTEND PRINT(.\Listings\main
                    -.lst) TABS(2) OBJECT(.\Objects\main.obj)

line level    source

   1          /*
   2              2020.10.23
   3              数码管显示
   4          */
   5          
   6          
   7          #include <reg51.h>
   8          #include "main.h"
   9          #include "delay.h"
  10          
  11          //7段共阳数码管显示码
  12          //不显示小数点
  13          unsigned char DIS_CODE_1[ ]={
  14          0xC0, //"0"
  15          0xF9, //"1"
  16          0xA4, //"2"
  17          0xB0, //"3"
  18          0x99, //"4"
  19          0x92, //"5"
  20          0x82, //"6"
  21          0xF8, //"7"
  22          0x80, //"8"
  23          0x90, //"9"
  24          0x88, //"A"
  25          0x83, //"B"
  26          0xC6, //"C"
  27          0xA1, //"D"
  28          0x86, //"E"
  29          0x8E, //"F"
  30          0x89, //"H"
  31          0xC7, //"L"
  32          0xC8, //"n"
  33          0xC1, //"u"
  34          0x8C, //"P"
  35          0xA3, //"o"
  36          0xBF, //"-"
  37          0xFF, //
  38          0xFF //
  39          };
  40          
  41          
  42          
  43          //7段共阴数码管显示码
  44          //不显示小数点
  45          unsigned char DIS_CODE_0[ ]={
  46          0x3F, //"0"
  47          0x06, //"1"
  48          0x5B, //"2"
  49          0x4F, //"3"
  50          0x66, //"4"
  51          0x6D, //"5"
  52          0x7D, //"6"
  53          0x07, //"7"
  54          0x7F, //"8"
C51 COMPILER V9.54   MAIN                                                                  10/23/2020 09:26:36 PAGE 2   

  55          0x6F, //"9"
  56          0x77, //"A"
  57          0x7C, //"B"
  58          0x39, //"C"
  59          0x5E, //"D"
  60          0x79, //"E"
  61          0x71, //"F"
  62          0x76, //"H"
  63          0x38, //"L"
  64          0x37, //"n"
  65          0x3E, //"u"
  66          0x73, //"P"
  67          0x5C, //"o"
  68          0x40, //"-"
  69          0x00, // 
  70          0x00 //
  71          };
  72          
  73          
  74          
  75          void main()
  76          {
  77   1        char i;
  78   1        while(1)
  79   1        {
  80   2          for(i=0;i<8;i++)
  81   2          {
  82   3            P0 = DIS_CODE_1[i];
  83   3            P3 = DIS_CODE_1[15-i];
  84   3            delay_ms(1000);
  85   3          }
  86   2        
  87   2        
  88   2        }
  89   1      
  90   1      
  91   1          
  92   1      }
  93          
  94          
  95          
  96          
  97          
  98          
  99          
 100          
 101          


MODULE INFORMATION:   STATIC OVERLAYABLE
   CODE SIZE        =     42    ----
   CONSTANT SIZE    =   ----    ----
   XDATA SIZE       =   ----    ----
   PDATA SIZE       =   ----    ----
   DATA SIZE        =     50       1
   IDATA SIZE       =   ----    ----
   BIT SIZE         =   ----    ----
END OF MODULE INFORMATION.


C51 COMPILATION COMPLETE.  0 WARNING(S),  0 ERROR(S)
